<?xml version="1.0" encoding="UTF-8"?>
<!-- Generated by org.testng.reporters.JUnitReportReporter -->
<testsuite hostname="dxb-1rstwap-09.dxb1rstwap.com" failures="0" tests="1" name="testcases.TC003_ResetAppStateLogout" time="1.289" errors="0" timestamp="14 Nov 2022 09:11:11 GMT" skipped="0">
  <testcase classname="testcases.TC003_ResetAppStateLogout" name="login" time="1.289"/>
</testsuite> <!-- testcases.TC003_ResetAppStateLogout -->
