<?xml version="1.0" encoding="UTF-8"?>
<!-- Generated by org.testng.reporters.JUnitReportReporter -->
<testsuite hostname="dxb-1rstwap-09.dxb1rstwap.com" failures="0" tests="1" name="testcases.TC002_AddProducts" time="1.409" errors="0" timestamp="14 Nov 2022 09:11:11 GMT" skipped="0">
  <testcase classname="testcases.TC002_AddProducts" name="addProducts" time="1.409"/>
</testsuite> <!-- testcases.TC002_AddProducts -->
